<?xml version="1.0" encoding="UTF-8"?>
<testng-results skipped="0" failed="1" ignored="0" total="3" passed="2">
  <reporter-output>
  </reporter-output>
  <suite name="Suite" duration-ms="48076" started-at="2021-01-07T15:44:33 IST" finished-at="2021-01-07T15:45:21 IST">
    <groups>
    </groups>
    <test name="HomePage" duration-ms="42612" started-at="2021-01-07T15:44:33 IST" finished-at="2021-01-07T15:45:15 IST">
      <class name="Framework.project.HomePage">
        <test-method status="PASS" signature="start()[pri:0, instance:Framework.project.HomePage@73eb439a]" name="start" is-config="true" duration-ms="32901" started-at="2021-01-07T15:44:33 IST" finished-at="2021-01-07T15:45:06 IST">
          <reporter-output>
          </reporter-output>
        </test-method> <!-- start -->
        <test-method status="PASS" signature="Home()[pri:0, instance:Framework.project.HomePage@73eb439a]" name="Home" duration-ms="5983" started-at="2021-01-07T15:45:06 IST" finished-at="2021-01-07T15:45:12 IST">
          <reporter-output>
          </reporter-output>
        </test-method> <!-- Home -->
        <test-method status="PASS" signature="finish()[pri:0, instance:Framework.project.HomePage@73eb439a]" name="finish" is-config="true" duration-ms="3688" started-at="2021-01-07T15:45:12 IST" finished-at="2021-01-07T15:45:15 IST">
          <reporter-output>
          </reporter-output>
        </test-method> <!-- finish -->
      </class> <!-- Framework.project.HomePage -->
    </test> <!-- HomePage -->
    <test name="verify nav" duration-ms="47246" started-at="2021-01-07T15:44:33 IST" finished-at="2021-01-07T15:45:20 IST">
      <class name="Framework.project.VerifyNav">
        <test-method status="PASS" signature="initialize()[pri:0, instance:Framework.project.VerifyNav@48bb62]" name="initialize" is-config="true" duration-ms="32175" started-at="2021-01-07T15:44:33 IST" finished-at="2021-01-07T15:45:05 IST">
          <reporter-output>
          </reporter-output>
        </test-method> <!-- initialize -->
        <test-method status="PASS" signature="validateNav()[pri:0, instance:Framework.project.VerifyNav@48bb62]" name="validateNav" duration-ms="1173" started-at="2021-01-07T15:45:05 IST" finished-at="2021-01-07T15:45:06 IST">
          <reporter-output>
          </reporter-output>
        </test-method> <!-- validateNav -->
        <test-method status="PASS" signature="finish()[pri:0, instance:Framework.project.VerifyNav@48bb62]" name="finish" is-config="true" duration-ms="13592" started-at="2021-01-07T15:45:06 IST" finished-at="2021-01-07T15:45:20 IST">
          <reporter-output>
          </reporter-output>
        </test-method> <!-- finish -->
      </class> <!-- Framework.project.VerifyNav -->
    </test> <!-- verify nav -->
    <test name="Verify title" duration-ms="48076" started-at="2021-01-07T15:44:33 IST" finished-at="2021-01-07T15:45:21 IST">
      <class name="Framework.project.VerifyTitle">
        <test-method status="PASS" signature="initialize()[pri:0, instance:Framework.project.VerifyTitle@6f10d5b6]" name="initialize" is-config="true" duration-ms="39158" started-at="2021-01-07T15:44:33 IST" finished-at="2021-01-07T15:45:12 IST">
          <reporter-output>
          </reporter-output>
        </test-method> <!-- initialize -->
        <test-method status="FAIL" signature="validateTitle()[pri:0, instance:Framework.project.VerifyTitle@6f10d5b6]" name="validateTitle" duration-ms="457" started-at="2021-01-07T15:45:12 IST" finished-at="2021-01-07T15:45:12 IST">
          <exception class="java.lang.AssertionError">
            <message>
              <![CDATA[expected [false] but found [true]]]>
            </message>
            <full-stacktrace>
              <![CDATA[java.lang.AssertionError: expected [false] but found [true]
at org.testng.Assert.fail(Assert.java:99)
at org.testng.Assert.failNotEquals(Assert.java:1037)
at org.testng.Assert.assertFalse(Assert.java:67)
at org.testng.Assert.assertFalse(Assert.java:77)
at Framework.project.VerifyTitle.validateTitle(VerifyTitle.java:39)
at sun.reflect.NativeMethodAccessorImpl.invoke0(Native Method)
at sun.reflect.NativeMethodAccessorImpl.invoke(Unknown Source)
at sun.reflect.DelegatingMethodAccessorImpl.invoke(Unknown Source)
at java.lang.reflect.Method.invoke(Unknown Source)
at org.testng.internal.MethodInvocationHelper.invokeMethod(MethodInvocationHelper.java:132)
at org.testng.internal.TestInvoker.invokeMethod(TestInvoker.java:599)
at org.testng.internal.TestInvoker.invokeTestMethod(TestInvoker.java:174)
at org.testng.internal.MethodRunner.runInSequence(MethodRunner.java:46)
at org.testng.internal.TestInvoker$MethodInvocationAgent.invoke(TestInvoker.java:822)
at org.testng.internal.TestInvoker.invokeTestMethods(TestInvoker.java:147)
at org.testng.internal.TestMethodWorker.invokeTestMethods(TestMethodWorker.java:146)
at org.testng.internal.TestMethodWorker.run(TestMethodWorker.java:128)
at java.util.ArrayList.forEach(Unknown Source)
at org.testng.TestRunner.privateRun(TestRunner.java:764)
at org.testng.TestRunner.run(TestRunner.java:585)
at org.testng.SuiteRunner.runTest(SuiteRunner.java:384)
at org.testng.SuiteRunner.access$000(SuiteRunner.java:28)
at org.testng.SuiteRunner$SuiteWorker.run(SuiteRunner.java:425)
at org.testng.internal.thread.ThreadUtil.lambda$execute$0(ThreadUtil.java:66)
at java.util.concurrent.FutureTask.run(Unknown Source)
at java.util.concurrent.ThreadPoolExecutor.runWorker(Unknown Source)
at java.util.concurrent.ThreadPoolExecutor$Worker.run(Unknown Source)
at java.lang.Thread.run(Unknown Source)
]]>
            </full-stacktrace>
          </exception> <!-- java.lang.AssertionError -->
          <reporter-output>
          </reporter-output>
        </test-method> <!-- validateTitle -->
        <test-method status="PASS" signature="finish()[pri:0, instance:Framework.project.VerifyTitle@6f10d5b6]" name="finish" is-config="true" duration-ms="7076" started-at="2021-01-07T15:45:14 IST" finished-at="2021-01-07T15:45:21 IST">
          <reporter-output>
          </reporter-output>
        </test-method> <!-- finish -->
      </class> <!-- Framework.project.VerifyTitle -->
    </test> <!-- Verify title -->
  </suite> <!-- Suite -->
</testng-results>
